 # Detector n:            1   V15en     
 # N. of energy intervals         250
  1.0000000E-03  0.4009960      2.1233039E-02  0.4784833    
  0.4009960      0.8009920      2.8745908E-02  0.3081107    
  0.8009920       1.200988      2.8310595E-02  0.2953701    
   1.200988       1.600984      2.5446666E-02  0.2950067    
   1.600984       2.000980      2.1874813E-02  0.3333417    
   2.000980       2.400976      1.8308818E-02  0.3205009    
   2.400976       2.800972      1.5417516E-02  0.3471970    
   2.800972       3.200968      1.2958119E-02  0.3584739    
   3.200968       3.600964      1.0962978E-02  0.4675894    
   3.600964       4.000960      9.1958232E-03  0.5698358    
   4.000960       4.400956      7.8332154E-03  0.5269601    
   4.400956       4.800952      6.6505121E-03  0.5385098    
   4.800952       5.200948      5.6837238E-03  0.6218711    
   5.200948       5.600944      4.9072406E-03  0.5399292    
   5.600944       6.000940      4.1680890E-03  0.7875770    
   6.000940       6.400936      3.5908446E-03  0.8227205    
   6.400936       6.800932      3.1244510E-03  0.9367627    
   6.800932       7.200928      2.7151161E-03   1.048424    
   7.200928       7.600924      2.3696492E-03  0.9767529    
   7.600924       8.000920      2.0465120E-03   1.161467    
   8.000920       8.400917      1.7656113E-03   1.013306    
   8.400917       8.800913      1.5484921E-03   1.027981    
   8.800913       9.200909      1.3816103E-03   1.221660    
   9.200909       9.600904      1.2106355E-03   1.512393    
   9.600904       10.00090      1.0716647E-03   1.592862    
   10.00090       10.40090      9.4976852E-04   1.534058    
   10.40090       10.80089      8.2163559E-04   1.469138    
   10.80089       11.20089      7.2172791E-04   1.644573    
   11.20089       11.60088      6.4504129E-04   2.106806    
   11.60088       12.00088      5.7175884E-04   1.755423    
   12.00088       12.40088      5.0726125E-04   1.599311    
   12.40088       12.80087      4.5580944E-04   2.151480    
   12.80087       13.20087      4.2858277E-04   2.182202    
   13.20087       13.60086      3.5891269E-04   2.326431    
   13.60086       14.00086      3.1285954E-04   2.444714    
   14.00086       14.40086      2.9347831E-04   2.557582    
   14.40086       14.80085      2.4142179E-04   2.868773    
   14.80085       15.20085      2.3125336E-04   3.214841    
   15.20085       15.60085      2.1231981E-04   2.944958    
   15.60085       16.00084      1.9797578E-04   3.382655    
   16.00084       16.40084      1.6183605E-04   3.449194    
   16.40084       16.80083      1.5989550E-04   4.463164    
   16.80083       17.20083      1.4407317E-04   3.430999    
   17.20083       17.60082      1.3527620E-04   3.825327    
   17.60082       18.00082      1.1725635E-04   3.515611    
   18.00082       18.40082      1.0181888E-04   4.061247    
   18.40082       18.80081      9.6555377E-05   4.101356    
   18.80081       19.20081      8.3482177E-05   5.503820    
   19.20081       19.60080      7.6166121E-05   5.970348    
   19.60080       20.00080      6.9411530E-05   5.620704    
   20.00080       20.40080      6.2910898E-05   6.015894    
   20.40080       20.80079      5.9608668E-05   5.687271    
   20.80079       21.20079      5.6754583E-05   5.768262    
   21.20079       21.60078      4.6548081E-05   6.678184    
   21.60078       22.00078      4.6564677E-05   6.216615    
   22.00078       22.40078      3.8894959E-05   6.847619    
   22.40078       22.80077      3.1051750E-05   6.107391    
   22.80077       23.20077      3.4047349E-05   7.332460    
   23.20077       23.60076      3.1098534E-05   8.423467    
   23.60076       24.00076      2.9393370E-05   9.288723    
   24.00076       24.40076      2.9113289E-05   7.214660    
   24.40076       24.80075      2.7016587E-05   7.766488    
   24.80075       25.20075      2.2795532E-05   8.552850    
   25.20075       25.60074      1.8369214E-05   9.206705    
   25.60074       26.00074      2.2717781E-05   8.865168    
   26.00074       26.40074      2.0029187E-05   11.67741    
   26.40074       26.80073      1.4623859E-05   11.20949    
   26.80073       27.20073      1.4530887E-05   12.43251    
   27.20073       27.60073      1.1501835E-05   12.55713    
   27.60073       28.00072      1.2941518E-05   11.57889    
   28.00072       28.40072      1.2396948E-05   13.45024    
   28.40072       28.80071      1.1401111E-05   13.25865    
   28.80071       29.20071      9.5746900E-06   11.92275    
   29.20071       29.60070      8.3849172E-06   13.13855    
   29.60070       30.00070      7.8787461E-06   16.24954    
   30.00070       30.40070      9.4843708E-06   13.31937    
   30.40070       30.80069      6.9685261E-06   19.90724    
   30.80069       31.20069      4.7216636E-06   21.78628    
   31.20069       31.60069      4.1449644E-06   20.63707    
   31.60069       32.00068      4.8471534E-06   18.52726    
   32.00068       32.40068      5.4636430E-06   16.81033    
   32.40068       32.80067      4.9768314E-06   19.61815    
   32.80067       33.20067      4.7707026E-06   24.39779    
   33.20067       33.60067      5.4674074E-06   20.26976    
   33.60067       34.00066      2.9950729E-06   23.97585    
   34.00066       34.40066      2.7129599E-06   33.06366    
   34.40066       34.80065      2.8391712E-06   21.89599    
   34.80065       35.20065      3.5235657E-06   29.05464    
   35.20065       35.60064      1.4696263E-06   32.91378    
   35.60064       36.00064      2.7707631E-06   23.27460    
   36.00064       36.40063      1.2204546E-06   42.12996    
   36.40063       36.80063      2.5220288E-06   25.38966    
   36.80063       37.20063      2.3439877E-06   30.75618    
   37.20063       37.60062      1.7817836E-06   33.66149    
   37.60062       38.00062      3.5554899E-06   26.08801    
   38.00062       38.40062      1.5138444E-06   42.12440    
   38.40062       38.80061      1.5748311E-06   36.75335    
   38.80061       39.20061      1.3523002E-06   36.38779    
   39.20061       39.60061      7.5626070E-07   50.20186    
   39.60061       40.00060      2.6199550E-06   28.71135    
   40.00060       40.40060      1.6981094E-06   37.53051    
   40.40060       40.80059      1.5237059E-06   39.18437    
   40.80059       41.20059      9.4812179E-07   52.80490    
   41.20059       41.60059      1.5592789E-06   41.69938    
   41.60059       42.00058      9.2415576E-07   48.44119    
   42.00058       42.40058      8.9832093E-07   44.13588    
   42.40058       42.80057      5.8843756E-07   48.26669    
   42.80057       43.20057      1.2764801E-06   41.52499    
   43.20057       43.60056      3.9928298E-07   70.99594    
   43.60056       44.00056      9.0229878E-07   49.30639    
   44.00056       44.40056      3.9448489E-07   71.81043    
   44.40056       44.80055      1.7772605E-07   99.00000    
   44.80055       45.20055      7.8032525E-07   49.18744    
   45.20055       45.60054      3.1197672E-07   69.79975    
   45.60054       46.00054      1.9334864E-07   99.00000    
   46.00054       46.40054      4.5700304E-07   73.06834    
   46.40054       46.80053      3.5676862E-07   70.76045    
   46.80053       47.20053       0.000000       0.000000    
   47.20053       47.60052      1.4562237E-07   99.00000    
   47.60052       48.00052       0.000000       0.000000    
   48.00052       48.40052       0.000000       0.000000    
   48.40052       48.80051       0.000000       0.000000    
   48.80051       49.20051       0.000000       0.000000    
   49.20051       49.60051      1.5771438E-07   99.00000    
   49.60051       50.00050      3.6882417E-07   71.24493    
   50.00050       50.40050      1.5592599E-07   99.00000    
   50.40050       50.80049       0.000000       0.000000    
   50.80049       51.20049       0.000000       0.000000    
   51.20049       51.60049      3.6292454E-07   69.99437    
   51.60049       52.00048       0.000000       0.000000    
   52.00048       52.40048       0.000000       0.000000    
   52.40048       52.80047      3.1340869E-07   70.50658    
   52.80047       53.20047      2.2833140E-07   99.00000    
   53.20047       53.60046      1.5209318E-07   99.00000    
   53.60046       54.00046      3.4232420E-07   75.95982    
   54.00046       54.40046      3.2170544E-07   69.91136    
   54.40046       54.80045       0.000000       0.000000    
   54.80045       55.20045      3.8320348E-07   71.09772    
   55.20045       55.60044       0.000000       0.000000    
   55.60044       56.00044       0.000000       0.000000    
   56.00044       56.40044       0.000000       0.000000    
   56.40044       56.80043       0.000000       0.000000    
   56.80043       57.20043       0.000000       0.000000    
   57.20043       57.60043      1.3831659E-07   99.00000    
   57.60043       58.00042      1.6777241E-07   99.00000    
   58.00042       58.40042      1.5100731E-07   99.00000    
   58.40042       58.80042       0.000000       0.000000    
   58.80042       59.20041       0.000000       0.000000    
   59.20041       59.60041       0.000000       0.000000    
   59.60041       60.00040       0.000000       0.000000    
   60.00040       60.40040       0.000000       0.000000    
   60.40040       60.80039       0.000000       0.000000    
   60.80039       61.20039       0.000000       0.000000    
   61.20039       61.60038       0.000000       0.000000    
   61.60038       62.00038       0.000000       0.000000    
   62.00038       62.40038      2.3380491E-07   99.00000    
   62.40038       62.80037       0.000000       0.000000    
   62.80037       63.20037      2.0111565E-07   99.00000    
   63.20037       63.60036       0.000000       0.000000    
   63.60036       64.00037       0.000000       0.000000    
   64.00037       64.40036       0.000000       0.000000    
   64.40036       64.80035       0.000000       0.000000    
   64.80035       65.20035       0.000000       0.000000    
   65.20035       65.60034       0.000000       0.000000    
   65.60034       66.00034       0.000000       0.000000    
   66.00034       66.40034       0.000000       0.000000    
   66.40034       66.80033       0.000000       0.000000    
   66.80033       67.20033       0.000000       0.000000    
   67.20033       67.60033       0.000000       0.000000    
   67.60033       68.00032      2.3267880E-07   99.00000    
   68.00032       68.40031      2.4573237E-07   99.00000    
   68.40031       68.80032       0.000000       0.000000    
   68.80032       69.20031       0.000000       0.000000    
   69.20031       69.60030       0.000000       0.000000    
   69.60030       70.00031       0.000000       0.000000    
   70.00031       70.40030       0.000000       0.000000    
   70.40030       70.80029       0.000000       0.000000    
   70.80029       71.20029       0.000000       0.000000    
   71.20029       71.60029       0.000000       0.000000    
   71.60029       72.00028      2.3365438E-07   99.00000    
   72.00028       72.40028       0.000000       0.000000    
   72.40028       72.80027       0.000000       0.000000    
   72.80027       73.20027      2.2819351E-07   99.00000    
   73.20027       73.60027       0.000000       0.000000    
   73.60027       74.00026      1.7752185E-07   99.00000    
   74.00026       74.40026       0.000000       0.000000    
   74.40026       74.80025       0.000000       0.000000    
   74.80025       75.20025       0.000000       0.000000    
   75.20025       75.60024      1.8447828E-07   99.00000    
   75.60024       76.00024       0.000000       0.000000    
   76.00024       76.40024       0.000000       0.000000    
   76.40024       76.80023       0.000000       0.000000    
   76.80023       77.20023       0.000000       0.000000    
   77.20023       77.60023      2.2794254E-07   99.00000    
   77.60023       78.00022       0.000000       0.000000    
   78.00022       78.40022       0.000000       0.000000    
   78.40022       78.80022       0.000000       0.000000    
   78.80022       79.20021      1.6661942E-07   99.00000    
   79.20021       79.60020       0.000000       0.000000    
   79.60020       80.00020       0.000000       0.000000    
   80.00020       80.40020       0.000000       0.000000    
   80.40020       80.80019       0.000000       0.000000    
   80.80019       81.20019       0.000000       0.000000    
   81.20019       81.60019       0.000000       0.000000    
   81.60019       82.00018       0.000000       0.000000    
   82.00018       82.40018       0.000000       0.000000    
   82.40018       82.80017       0.000000       0.000000    
   82.80017       83.20017       0.000000       0.000000    
   83.20017       83.60017       0.000000       0.000000    
   83.60017       84.00016       0.000000       0.000000    
   84.00016       84.40016       0.000000       0.000000    
   84.40016       84.80016       0.000000       0.000000    
   84.80016       85.20015       0.000000       0.000000    
   85.20015       85.60014       0.000000       0.000000    
   85.60014       86.00014       0.000000       0.000000    
   86.00014       86.40014       0.000000       0.000000    
   86.40014       86.80013       0.000000       0.000000    
   86.80013       87.20013       0.000000       0.000000    
   87.20013       87.60013       0.000000       0.000000    
   87.60013       88.00012       0.000000       0.000000    
   88.00012       88.40012       0.000000       0.000000    
   88.40012       88.80012       0.000000       0.000000    
   88.80012       89.20011       0.000000       0.000000    
   89.20011       89.60011       0.000000       0.000000    
   89.60011       90.00010       0.000000       0.000000    
   90.00010       90.40010       0.000000       0.000000    
   90.40010       90.80009       0.000000       0.000000    
   90.80009       91.20009       0.000000       0.000000    
   91.20009       91.60009       0.000000       0.000000    
   91.60009       92.00008       0.000000       0.000000    
   92.00008       92.40008       0.000000       0.000000    
   92.40008       92.80007       0.000000       0.000000    
   92.80007       93.20007       0.000000       0.000000    
   93.20007       93.60007       0.000000       0.000000    
   93.60007       94.00006       0.000000       0.000000    
   94.00006       94.40005       0.000000       0.000000    
   94.40005       94.80006       0.000000       0.000000    
   94.80006       95.20005       0.000000       0.000000    
   95.20005       95.60004       0.000000       0.000000    
   95.60004       96.00005       0.000000       0.000000    
   96.00005       96.40004       0.000000       0.000000    
   96.40004       96.80003       0.000000       0.000000    
   96.80003       97.20003       0.000000       0.000000    
   97.20003       97.60003       0.000000       0.000000    
   97.60003       98.00002       0.000000       0.000000    
   98.00002       98.40002       0.000000       0.000000    
   98.40002       98.80002       0.000000       0.000000    
   98.80002       99.20001       0.000000       0.000000    
   99.20001       99.60001       0.000000       0.000000    
   99.60001       100.0000      1.9217012E-07   99.00000    
